[1] "#1 Script initiated"
Es gab 26 Warnungen (Anzeige mit warnings())
[1] "#2 Order file loaded"
[1] "#3 API keys defined"
[1] "#4 Getting order history from kraken"
[1] "#5 Obtaining the last 3000 trades"
[1] "length of list pulled: 61"
[1] "#6 Historic trades obtained"
[1] "length of list edited: 61"
[1] "#7 Closed order IDs defined"
[1] "#8 Sending sell orders if buy order closed"
[1] "Process finished.."
[1] "#1 Script initiated"
Es gab 26 Warnungen (Anzeige mit warnings())
[1] "#2 Order file loaded"
[1] "#3 API keys defined"
[1] "#4 Getting order history from kraken"
[1] "#5 Obtaining the last 3000 trades"
[1] "length of list pulled: 61"
[1] "#6 Historic trades obtained"
[1] "length of list edited: 61"
[1] "#7 Closed order IDs defined"
[1] "#8 Sending sell orders if buy order closed"
[1] "Process finished.."
[1] "#1 Script initiated"
Es gab 26 Warnungen (Anzeige mit warnings())
[1] "#2 Order file loaded"
[1] "#3 API keys defined"
[1] "#4 Getting order history from kraken"
[1] "#5 Obtaining the last 3000 trades"
[1] "length of list pulled: 61"
[1] "#6 Historic trades obtained"
[1] "length of list edited: 61"
[1] "#7 Closed order IDs defined"
[1] "#8 Sending sell orders if buy order closed"
[1] "Limit sell order sent for: TEERUSD"
[1] "Process finished.."
[1] "#1 Script initiated"
Es gab 26 Warnungen (Anzeige mit warnings())
[1] "#2 Order file loaded"
[1] "#3 API keys defined"
[1] "#4 Getting order history from kraken"
[1] "#5 Obtaining the last 3000 trades"
[1] "length of list pulled: 61"
[1] "#6 Historic trades obtained"
[1] "length of list edited: 61"
[1] "#7 Closed order IDs defined"
[1] "#8 Sending sell orders if buy order closed"
[1] "Limit sell order sent for: KILTUSD"
[1] "Limit sell order sent for: KILTUSD"
[1] "Limit sell order sent for: STEPUSD"
[1] "Limit sell order sent for: STEPUSD"
[1] "Limit sell order sent for: STEPUSD"
[1] "Process finished.."
[1] "#1 Script initiated"
Es gab 26 Warnungen (Anzeige mit warnings())
[1] "#2 Order file loaded"
[1] "#3 API keys defined"
[1] "#4 Getting order history from kraken"
[1] "#5 Obtaining the last 3000 trades"
[1] "length of list pulled: 61"
[1] "#6 Historic trades obtained"
[1] "length of list edited: 61"
[1] "#7 Closed order IDs defined"
[1] "#8 Sending sell orders if buy order closed"
[1] "Process finished.."
[1] "#1 Script initiated"
Es gab 26 Warnungen (Anzeige mit warnings())
[1] "#2 Order file loaded"
[1] "#3 API keys defined"
[1] "#4 Getting order history from kraken"
[1] "#5 Obtaining the last 3000 trades"
[1] "length of list pulled: 61"
[1] "#6 Historic trades obtained"
[1] "length of list edited: 61"
[1] "#7 Closed order IDs defined"
[1] "#8 Sending sell orders if buy order closed"
[1] "Process finished.."
[1] "#1 Script initiated"
Es gab 26 Warnungen (Anzeige mit warnings())
[1] "#2 Order file loaded"
[1] "#3 API keys defined"
[1] "#4 Getting order history from kraken"
[1] "#5 Obtaining the last 3000 trades"
[1] "length of list pulled: 61"
[1] "#6 Historic trades obtained"
[1] "length of list edited: 61"
[1] "#7 Closed order IDs defined"
[1] "#8 Sending sell orders if buy order closed"
[1] "Process finished.."
[1] "#1 Script initiated"
Es gab 26 Warnungen (Anzeige mit warnings())
[1] "#2 Order file loaded"
[1] "#3 API keys defined"
[1] "#4 Getting order history from kraken"
[1] "#5 Obtaining the last 3000 trades"
[1] "length of list pulled: 61"
[1] "#6 Historic trades obtained"
[1] "length of list edited: 61"
[1] "#7 Closed order IDs defined"
[1] "#8 Sending sell orders if buy order closed"
[1] "Limit sell order sent for: CSMUSD"
[1] "Process finished.."
[1] "#1 Script initiated"
Es gab 26 Warnungen (Anzeige mit warnings())
[1] "#2 Order file loaded"
[1] "#3 API keys defined"
[1] "#4 Getting order history from kraken"
[1] "#5 Obtaining the last 3000 trades"
[1] "length of list pulled: 61"
[1] "#6 Historic trades obtained"
[1] "length of list edited: 61"
[1] "#7 Closed order IDs defined"
[1] "#8 Sending sell orders if buy order closed"
[1] "Process finished.."
[1] "#1 Script initiated"
Es gab 26 Warnungen (Anzeige mit warnings())
[1] "#2 Order file loaded"
[1] "#3 API keys defined"
[1] "#4 Getting order history from kraken"
[1] "#5 Obtaining the last 3000 trades"
[1] "length of list pulled: 61"
[1] "#6 Historic trades obtained"
[1] "length of list edited: 61"
[1] "#7 Closed order IDs defined"
[1] "#8 Sending sell orders if buy order closed"
[1] "Process finished.."
[1] "#1 Script initiated"
Es gab 26 Warnungen (Anzeige mit warnings())
[1] "#2 Order file loaded"
[1] "#3 API keys defined"
[1] "#4 Getting order history from kraken"
[1] "#5 Obtaining the last 3000 trades"
[1] "length of list pulled: 61"
[1] "#6 Historic trades obtained"
[1] "length of list edited: 61"
[1] "#7 Closed order IDs defined"
[1] "#8 Sending sell orders if buy order closed"
[1] "Process finished.."
[1] "#1 Script initiated"
Es gab 26 Warnungen (Anzeige mit warnings())
[1] "#2 Order file loaded"
[1] "#3 API keys defined"
[1] "#4 Getting order history from kraken"
[1] "#5 Obtaining the last 3000 trades"
[1] "length of list pulled: 61"
[1] "#6 Historic trades obtained"
[1] "length of list edited: 61"
[1] "#7 Closed order IDs defined"
[1] "#8 Sending sell orders if buy order closed"
[1] "Limit sell order sent for: C98USD"
[1] "Process finished.."
[1] "#1 Script initiated"
Es gab 26 Warnungen (Anzeige mit warnings())
[1] "#2 Order file loaded"
[1] "#3 API keys defined"
[1] "#4 Getting order history from kraken"
[1] "#5 Obtaining the last 3000 trades"
[1] "length of list pulled: 61"
[1] "#6 Historic trades obtained"
[1] "length of list edited: 61"
[1] "#7 Closed order IDs defined"
[1] "#8 Sending sell orders if buy order closed"
[1] "Process finished.."
[1] "#1 Script initiated"
Es gab 26 Warnungen (Anzeige mit warnings())
[1] "#2 Order file loaded"
[1] "#3 API keys defined"
[1] "#4 Getting order history from kraken"
[1] "#5 Obtaining the last 3000 trades"
[1] "length of list pulled: 61"
[1] "#6 Historic trades obtained"
[1] "length of list edited: 61"
[1] "#7 Closed order IDs defined"
[1] "#8 Sending sell orders if buy order closed"
[1] "Process finished.."
[1] "#1 Script initiated"
Es gab 26 Warnungen (Anzeige mit warnings())
[1] "#2 Order file loaded"
[1] "#3 API keys defined"
[1] "#4 Getting order history from kraken"
[1] "#5 Obtaining the last 3000 trades"
[1] "length of list pulled: 61"
[1] "#6 Historic trades obtained"
[1] "length of list edited: 61"
[1] "#7 Closed order IDs defined"
[1] "#8 Sending sell orders if buy order closed"
[1] "Process finished.."
[1] "#1 Script initiated"
Es gab 26 Warnungen (Anzeige mit warnings())
[1] "#2 Order file loaded"
[1] "#3 API keys defined"
[1] "#4 Getting order history from kraken"
[1] "#5 Obtaining the last 3000 trades"
[1] "length of list pulled: 61"
[1] "#6 Historic trades obtained"
[1] "length of list edited: 61"
[1] "#7 Closed order IDs defined"
[1] "#8 Sending sell orders if buy order closed"
[1] "Process finished.."
[1] "#1 Script initiated"
Es gab 26 Warnungen (Anzeige mit warnings())
[1] "#2 Order file loaded"
[1] "#3 API keys defined"
[1] "#4 Getting order history from kraken"
[1] "#5 Obtaining the last 3000 trades"
[1] "length of list pulled: 61"
[1] "#6 Historic trades obtained"
[1] "length of list edited: 61"
[1] "#7 Closed order IDs defined"
[1] "#8 Sending sell orders if buy order closed"
[1] "Process finished.."
[1] "#1 Script initiated"
Es gab 26 Warnungen (Anzeige mit warnings())
[1] "#2 Order file loaded"
[1] "#3 API keys defined"
[1] "#4 Getting order history from kraken"
[1] "#5 Obtaining the last 3000 trades"
[1] "length of list pulled: 61"
[1] "#6 Historic trades obtained"
[1] "length of list edited: 61"
[1] "#7 Closed order IDs defined"
[1] "#8 Sending sell orders if buy order closed"
[1] "Process finished.."
[1] "#1 Script initiated"
Es gab 26 Warnungen (Anzeige mit warnings())
[1] "#2 Order file loaded"
[1] "#3 API keys defined"
[1] "#4 Getting order history from kraken"
[1] "#5 Obtaining the last 3000 trades"
[1] "length of list pulled: 61"
[1] "#6 Historic trades obtained"
[1] "length of list edited: 61"
[1] "#7 Closed order IDs defined"
[1] "#8 Sending sell orders if buy order closed"
[1] "Process finished.."
[1] "#1 Script initiated"
Es gab 26 Warnungen (Anzeige mit warnings())
[1] "#2 Order file loaded"
[1] "#3 API keys defined"
[1] "#4 Getting order history from kraken"
[1] "#5 Obtaining the last 3000 trades"
[1] "length of list pulled: 61"
[1] "#6 Historic trades obtained"
[1] "length of list edited: 61"
[1] "#7 Closed order IDs defined"
[1] "#8 Sending sell orders if buy order closed"
[1] "Process finished.."
[1] "#1 Script initiated"
Es gab 26 Warnungen (Anzeige mit warnings())
[1] "#2 Order file loaded"
[1] "#3 API keys defined"
[1] "#4 Getting order history from kraken"
[1] "#5 Obtaining the last 3000 trades"
[1] "length of list pulled: 61"
[1] "#6 Historic trades obtained"
[1] "length of list edited: 61"
[1] "#7 Closed order IDs defined"
[1] "#8 Sending sell orders if buy order closed"
[1] "Process finished.."
[1] "#1 Script initiated"
Es gab 26 Warnungen (Anzeige mit warnings())
[1] "#2 Order file loaded"
[1] "#3 API keys defined"
[1] "#4 Getting order history from kraken"
[1] "#5 Obtaining the last 3000 trades"
[1] "length of list pulled: 61"
[1] "#6 Historic trades obtained"
[1] "length of list edited: 61"
[1] "#7 Closed order IDs defined"
[1] "#8 Sending sell orders if buy order closed"
[1] "Process finished.."
[1] "#1 Script initiated"
Es gab 26 Warnungen (Anzeige mit warnings())
[1] "#2 Order file loaded"
[1] "#3 API keys defined"
[1] "#4 Getting order history from kraken"
[1] "#5 Obtaining the last 3000 trades"
[1] "length of list pulled: 61"
[1] "#6 Historic trades obtained"
[1] "length of list edited: 61"
[1] "#7 Closed order IDs defined"
[1] "#8 Sending sell orders if buy order closed"
[1] "Limit sell order sent for: ATLASUSD"
[1] "Process finished.."
[1] "#1 Script initiated"
Es gab 26 Warnungen (Anzeige mit warnings())
[1] "#2 Order file loaded"
[1] "#3 API keys defined"
[1] "#4 Getting order history from kraken"
[1] "#5 Obtaining the last 3000 trades"
[1] "length of list pulled: 61"
[1] "#6 Historic trades obtained"
[1] "length of list edited: 61"
[1] "#7 Closed order IDs defined"
[1] "#8 Sending sell orders if buy order closed"
[1] "Limit sell order sent for: JUNOUSD"
[1] "Process finished.."
[1] "#1 Script initiated"
Es gab 26 Warnungen (Anzeige mit warnings())
[1] "#2 Order file loaded"
[1] "#3 API keys defined"
[1] "#4 Getting order history from kraken"
[1] "#5 Obtaining the last 3000 trades"
[1] "length of list pulled: 61"
[1] "#6 Historic trades obtained"
[1] "length of list edited: 61"
[1] "#7 Closed order IDs defined"
[1] "#8 Sending sell orders if buy order closed"
[1] "Process finished.."
[1] "#1 Script initiated"
Es gab 26 Warnungen (Anzeige mit warnings())
[1] "#2 Order file loaded"
[1] "#3 API keys defined"
[1] "#4 Getting order history from kraken"
[1] "#5 Obtaining the last 3000 trades"
[1] "length of list pulled: 61"
[1] "#6 Historic trades obtained"
[1] "length of list edited: 61"
[1] "#7 Closed order IDs defined"
[1] "#8 Sending sell orders if buy order closed"
[1] "Process finished.."
[1] "#1 Script initiated"
Es gab 26 Warnungen (Anzeige mit warnings())
[1] "#2 Order file loaded"
[1] "#3 API keys defined"
[1] "#4 Getting order history from kraken"
[1] "#5 Obtaining the last 3000 trades"
[1] "length of list pulled: 61"
[1] "#6 Historic trades obtained"
[1] "length of list edited: 61"
[1] "#7 Closed order IDs defined"
[1] "#8 Sending sell orders if buy order closed"
[1] "Process finished.."
[1] "#1 Script initiated"
Es gab 26 Warnungen (Anzeige mit warnings())
[1] "#2 Order file loaded"
[1] "#3 API keys defined"
[1] "#4 Getting order history from kraken"
[1] "#5 Obtaining the last 3000 trades"
[1] "length of list pulled: 61"
[1] "#6 Historic trades obtained"
[1] "length of list edited: 61"
[1] "#7 Closed order IDs defined"
[1] "#8 Sending sell orders if buy order closed"
[1] "Process finished.."
[1] "#1 Script initiated"
Es gab 26 Warnungen (Anzeige mit warnings())
[1] "#2 Order file loaded"
[1] "#3 API keys defined"
[1] "#4 Getting order history from kraken"
[1] "#5 Obtaining the last 3000 trades"
[1] "length of list pulled: 61"
[1] "#6 Historic trades obtained"
[1] "length of list edited: 61"
[1] "#7 Closed order IDs defined"
[1] "#8 Sending sell orders if buy order closed"
[1] "Process finished.."
[1] "#1 Script initiated"
Es gab 26 Warnungen (Anzeige mit warnings())
[1] "#2 Order file loaded"
[1] "#3 API keys defined"
[1] "#4 Getting order history from kraken"
[1] "#5 Obtaining the last 3000 trades"
[1] "length of list pulled: 61"
[1] "#6 Historic trades obtained"
[1] "length of list edited: 61"
[1] "#7 Closed order IDs defined"
[1] "#8 Sending sell orders if buy order closed"
[1] "Process finished.."
[1] "#1 Script initiated"
Es gab 26 Warnungen (Anzeige mit warnings())
[1] "#2 Order file loaded"
[1] "#3 API keys defined"
[1] "#4 Getting order history from kraken"
[1] "#5 Obtaining the last 3000 trades"
[1] "length of list pulled: 61"
[1] "#6 Historic trades obtained"
[1] "length of list edited: 61"
[1] "#7 Closed order IDs defined"
[1] "#8 Sending sell orders if buy order closed"
[1] "Process finished.."
[1] "#1 Script initiated"
Es gab 26 Warnungen (Anzeige mit warnings())
[1] "#2 Order file loaded"
[1] "#3 API keys defined"
[1] "#4 Getting order history from kraken"
[1] "#5 Obtaining the last 3000 trades"
[1] "length of list pulled: 61"
[1] "#6 Historic trades obtained"
[1] "length of list edited: 61"
[1] "#7 Closed order IDs defined"
[1] "#8 Sending sell orders if buy order closed"
[1] "Limit sell order sent for: RBCUSD"
[1] "Process finished.."
[1] "#1 Script initiated"
Es gab 26 Warnungen (Anzeige mit warnings())
[1] "#2 Order file loaded"
[1] "#3 API keys defined"
[1] "#4 Getting order history from kraken"
[1] "#5 Obtaining the last 3000 trades"
[1] "length of list pulled: 61"
[1] "#6 Historic trades obtained"
[1] "length of list edited: 61"
[1] "#7 Closed order IDs defined"
[1] "#8 Sending sell orders if buy order closed"
[1] "Limit sell order sent for: RBCUSD"
[1] "Process finished.."
[1] "#1 Script initiated"
Es gab 26 Warnungen (Anzeige mit warnings())
[1] "#2 Order file loaded"
[1] "#3 API keys defined"
[1] "#4 Getting order history from kraken"
[1] "#5 Obtaining the last 3000 trades"
[1] "length of list pulled: 61"
[1] "#6 Historic trades obtained"
[1] "length of list edited: 61"
[1] "#7 Closed order IDs defined"
[1] "#8 Sending sell orders if buy order closed"
[1] "Process finished.."
[1] "#1 Script initiated"
Es gab 26 Warnungen (Anzeige mit warnings())
[1] "#2 Order file loaded"
[1] "#3 API keys defined"
[1] "#4 Getting order history from kraken"
[1] "#5 Obtaining the last 3000 trades"
[1] "length of list pulled: 61"
[1] "#6 Historic trades obtained"
[1] "length of list edited: 61"
[1] "#7 Closed order IDs defined"
[1] "#8 Sending sell orders if buy order closed"
[1] "Process finished.."
[1] "#1 Script initiated"
Es gab 26 Warnungen (Anzeige mit warnings())
[1] "#2 Order file loaded"
[1] "#3 API keys defined"
[1] "#4 Getting order history from kraken"
[1] "#5 Obtaining the last 3000 trades"
[1] "length of list pulled: 61"
[1] "#6 Historic trades obtained"
[1] "length of list edited: 61"
[1] "#7 Closed order IDs defined"
[1] "#8 Sending sell orders if buy order closed"
[1] "Process finished.."
[1] "#1 Script initiated"
Es gab 26 Warnungen (Anzeige mit warnings())
[1] "#2 Order file loaded"
[1] "#3 API keys defined"
[1] "#4 Getting order history from kraken"
[1] "#5 Obtaining the last 3000 trades"
[1] "length of list pulled: 61"
[1] "#6 Historic trades obtained"
[1] "length of list edited: 61"
[1] "#7 Closed order IDs defined"
[1] "#8 Sending sell orders if buy order closed"
[1] "Process finished.."
[1] "#1 Script initiated"
Es gab 26 Warnungen (Anzeige mit warnings())
[1] "#2 Order file loaded"
[1] "#3 API keys defined"
[1] "#4 Getting order history from kraken"
[1] "#5 Obtaining the last 3000 trades"
[1] "length of list pulled: 61"
[1] "#6 Historic trades obtained"
[1] "length of list edited: 61"
[1] "#7 Closed order IDs defined"
[1] "#8 Sending sell orders if buy order closed"
[1] "Process finished.."
[1] "#1 Script initiated"
Es gab 26 Warnungen (Anzeige mit warnings())
[1] "#2 Order file loaded"
[1] "#3 API keys defined"
[1] "#4 Getting order history from kraken"
[1] "#5 Obtaining the last 3000 trades"
[1] "length of list pulled: 61"
[1] "#6 Historic trades obtained"
[1] "length of list edited: 61"
[1] "#7 Closed order IDs defined"
[1] "#8 Sending sell orders if buy order closed"
[1] "Process finished.."
[1] "#1 Script initiated"
Es gab 26 Warnungen (Anzeige mit warnings())
[1] "#2 Order file loaded"
[1] "#3 API keys defined"
[1] "#4 Getting order history from kraken"
[1] "#5 Obtaining the last 3000 trades"
[1] "length of list pulled: 61"
[1] "#6 Historic trades obtained"
[1] "length of list edited: 61"
[1] "#7 Closed order IDs defined"
[1] "#8 Sending sell orders if buy order closed"
[1] "Process finished.."
[1] "#1 Script initiated"
Es gab 26 Warnungen (Anzeige mit warnings())
[1] "#2 Order file loaded"
[1] "#3 API keys defined"
[1] "#4 Getting order history from kraken"
[1] "#5 Obtaining the last 3000 trades"
[1] "length of list pulled: 61"
[1] "#6 Historic trades obtained"
[1] "length of list edited: 61"
[1] "#7 Closed order IDs defined"
[1] "#8 Sending sell orders if buy order closed"
[1] "Process finished.."
[1] "#1 Script initiated"
Es gab 26 Warnungen (Anzeige mit warnings())
[1] "#2 Order file loaded"
[1] "#3 API keys defined"
[1] "#4 Getting order history from kraken"
[1] "#5 Obtaining the last 3000 trades"
[1] "length of list pulled: 61"
[1] "#6 Historic trades obtained"
[1] "length of list edited: 61"
[1] "#7 Closed order IDs defined"
[1] "#8 Sending sell orders if buy order closed"
[1] "Process finished.."
[1] "#1 Script initiated"
Es gab 26 Warnungen (Anzeige mit warnings())
[1] "#2 Order file loaded"
[1] "#3 API keys defined"
[1] "#4 Getting order history from kraken"
[1] "#5 Obtaining the last 3000 trades"
[1] "length of list pulled: 61"
[1] "#6 Historic trades obtained"
[1] "length of list edited: 61"
[1] "#7 Closed order IDs defined"
[1] "#8 Sending sell orders if buy order closed"
[1] "Process finished.."
[1] "#1 Script initiated"
Es gab 26 Warnungen (Anzeige mit warnings())
[1] "#2 Order file loaded"
[1] "#3 API keys defined"
[1] "#4 Getting order history from kraken"
[1] "#5 Obtaining the last 3000 trades"
[1] "length of list pulled: 61"
[1] "#6 Historic trades obtained"
[1] "length of list edited: 61"
[1] "#7 Closed order IDs defined"
[1] "#8 Sending sell orders if buy order closed"
[1] "Process finished.."
[1] "#1 Script initiated"
Es gab 26 Warnungen (Anzeige mit warnings())
[1] "#2 Order file loaded"
[1] "#3 API keys defined"
[1] "#4 Getting order history from kraken"
[1] "#5 Obtaining the last 3000 trades"
[1] "length of list pulled: 61"
[1] "#6 Historic trades obtained"
[1] "length of list edited: 61"
[1] "#7 Closed order IDs defined"
[1] "#8 Sending sell orders if buy order closed"
[1] "Process finished.."
[1] "#1 Script initiated"
Es gab 26 Warnungen (Anzeige mit warnings())
[1] "#2 Order file loaded"
[1] "#3 API keys defined"
[1] "#4 Getting order history from kraken"
[1] "#5 Obtaining the last 3000 trades"
[1] "length of list pulled: 61"
[1] "#6 Historic trades obtained"
[1] "length of list edited: 61"
[1] "#7 Closed order IDs defined"
[1] "#8 Sending sell orders if buy order closed"
[1] "Process finished.."
[1] "#1 Script initiated"
Es gab 26 Warnungen (Anzeige mit warnings())
[1] "#2 Order file loaded"
[1] "#3 API keys defined"
[1] "#4 Getting order history from kraken"
[1] "#5 Obtaining the last 3000 trades"
[1] "length of list pulled: 61"
[1] "#6 Historic trades obtained"
[1] "length of list edited: 61"
[1] "#7 Closed order IDs defined"
[1] "#8 Sending sell orders if buy order closed"
[1] "Process finished.."
[1] "#1 Script initiated"
Es gab 26 Warnungen (Anzeige mit warnings())
[1] "#2 Order file loaded"
[1] "#3 API keys defined"
[1] "#4 Getting order history from kraken"
[1] "#5 Obtaining the last 3000 trades"
[1] "length of list pulled: 61"
[1] "#6 Historic trades obtained"
[1] "length of list edited: 61"
[1] "#7 Closed order IDs defined"
[1] "#8 Sending sell orders if buy order closed"
[1] "Process finished.."
[1] "#1 Script initiated"
Es gab 26 Warnungen (Anzeige mit warnings())
[1] "#2 Order file loaded"
[1] "#3 API keys defined"
[1] "#4 Getting order history from kraken"
[1] "#5 Obtaining the last 3000 trades"
[1] "length of list pulled: 61"
[1] "#6 Historic trades obtained"
[1] "length of list edited: 61"
[1] "#7 Closed order IDs defined"
[1] "#8 Sending sell orders if buy order closed"
[1] "Process finished.."
[1] "#1 Script initiated"
Es gab 26 Warnungen (Anzeige mit warnings())
[1] "#2 Order file loaded"
[1] "#3 API keys defined"
[1] "#4 Getting order history from kraken"
[1] "#5 Obtaining the last 3000 trades"
[1] "length of list pulled: 61"
[1] "#6 Historic trades obtained"
[1] "length of list edited: 61"
[1] "#7 Closed order IDs defined"
[1] "#8 Sending sell orders if buy order closed"
[1] "Process finished.."
[1] "#1 Script initiated"
Es gab 26 Warnungen (Anzeige mit warnings())
[1] "#2 Order file loaded"
[1] "#3 API keys defined"
[1] "#4 Getting order history from kraken"
[1] "#5 Obtaining the last 3000 trades"
[1] "length of list pulled: 61"
[1] "#6 Historic trades obtained"
[1] "length of list edited: 61"
[1] "#7 Closed order IDs defined"
[1] "#8 Sending sell orders if buy order closed"
[1] "Process finished.."
[1] "#1 Script initiated"
Es gab 26 Warnungen (Anzeige mit warnings())
[1] "#2 Order file loaded"
[1] "#3 API keys defined"
[1] "#4 Getting order history from kraken"
[1] "#5 Obtaining the last 3000 trades"
[1] "length of list pulled: 61"
[1] "#6 Historic trades obtained"
[1] "length of list edited: 61"
[1] "#7 Closed order IDs defined"
[1] "#8 Sending sell orders if buy order closed"
[1] "Process finished.."
[1] "#1 Script initiated"
Es gab 26 Warnungen (Anzeige mit warnings())
[1] "#2 Order file loaded"
[1] "#3 API keys defined"
[1] "#4 Getting order history from kraken"
[1] "#5 Obtaining the last 3000 trades"
[1] "length of list pulled: 61"
[1] "#6 Historic trades obtained"
[1] "length of list edited: 61"
[1] "#7 Closed order IDs defined"
[1] "#8 Sending sell orders if buy order closed"
[1] "Process finished.."
[1] "#1 Script initiated"
Es gab 26 Warnungen (Anzeige mit warnings())
[1] "#2 Order file loaded"
[1] "#3 API keys defined"
[1] "#4 Getting order history from kraken"
[1] "#5 Obtaining the last 3000 trades"
[1] "length of list pulled: 61"
[1] "#6 Historic trades obtained"
[1] "length of list edited: 61"
[1] "#7 Closed order IDs defined"
[1] "#8 Sending sell orders if buy order closed"
[1] "Process finished.."
[1] "#1 Script initiated"
Es gab 26 Warnungen (Anzeige mit warnings())
[1] "#2 Order file loaded"
[1] "#3 API keys defined"
[1] "#4 Getting order history from kraken"
[1] "#5 Obtaining the last 3000 trades"
[1] "length of list pulled: 61"
[1] "#6 Historic trades obtained"
[1] "length of list edited: 61"
[1] "#7 Closed order IDs defined"
[1] "#8 Sending sell orders if buy order closed"
[1] "Process finished.."
[1] "#1 Script initiated"
Es gab 26 Warnungen (Anzeige mit warnings())
[1] "#2 Order file loaded"
[1] "#3 API keys defined"
[1] "#4 Getting order history from kraken"
[1] "#5 Obtaining the last 3000 trades"
[1] "length of list pulled: 61"
[1] "#6 Historic trades obtained"
[1] "length of list edited: 61"
[1] "#7 Closed order IDs defined"
[1] "#8 Sending sell orders if buy order closed"
[1] "Process finished.."
[1] "#1 Script initiated"
Es gab 26 Warnungen (Anzeige mit warnings())
[1] "#2 Order file loaded"
[1] "#3 API keys defined"
[1] "#4 Getting order history from kraken"
[1] "#5 Obtaining the last 3000 trades"
[1] "length of list pulled: 61"
[1] "#6 Historic trades obtained"
[1] "length of list edited: 61"
[1] "#7 Closed order IDs defined"
[1] "#8 Sending sell orders if buy order closed"
[1] "Process finished.."
[1] "#1 Script initiated"
Es gab 26 Warnungen (Anzeige mit warnings())
[1] "#2 Order file loaded"
[1] "#3 API keys defined"
[1] "#4 Getting order history from kraken"
[1] "#5 Obtaining the last 3000 trades"
[1] "length of list pulled: 61"
[1] "#6 Historic trades obtained"
[1] "length of list edited: 61"
[1] "#7 Closed order IDs defined"
[1] "#8 Sending sell orders if buy order closed"
[1] "Process finished.."
[1] "#1 Script initiated"
Es gab 26 Warnungen (Anzeige mit warnings())
[1] "#2 Order file loaded"
[1] "#3 API keys defined"
[1] "#4 Getting order history from kraken"
[1] "#5 Obtaining the last 3000 trades"
[1] "length of list pulled: 61"
[1] "#6 Historic trades obtained"
[1] "length of list edited: 61"
[1] "#7 Closed order IDs defined"
[1] "#8 Sending sell orders if buy order closed"
[1] "Process finished.."
[1] "#1 Script initiated"
Es gab 26 Warnungen (Anzeige mit warnings())
[1] "#2 Order file loaded"
[1] "#3 API keys defined"
[1] "#4 Getting order history from kraken"
[1] "#5 Obtaining the last 3000 trades"
[1] "length of list pulled: 61"
[1] "#6 Historic trades obtained"
[1] "length of list edited: 61"
[1] "#7 Closed order IDs defined"
[1] "#8 Sending sell orders if buy order closed"
[1] "Process finished.."
[1] "#1 Script initiated"
Es gab 26 Warnungen (Anzeige mit warnings())
[1] "#2 Order file loaded"
[1] "#3 API keys defined"
[1] "#4 Getting order history from kraken"
[1] "#5 Obtaining the last 3000 trades"
[1] "length of list pulled: 61"
[1] "#6 Historic trades obtained"
[1] "length of list edited: 61"
[1] "#7 Closed order IDs defined"
[1] "#8 Sending sell orders if buy order closed"
[1] "Process finished.."
[1] "#1 Script initiated"
Es gab 26 Warnungen (Anzeige mit warnings())
[1] "#2 Order file loaded"
[1] "#3 API keys defined"
[1] "#4 Getting order history from kraken"
[1] "#5 Obtaining the last 3000 trades"
[1] "length of list pulled: 61"
[1] "#6 Historic trades obtained"
[1] "length of list edited: 61"
[1] "#7 Closed order IDs defined"
[1] "#8 Sending sell orders if buy order closed"
[1] "Process finished.."
[1] "#1 Script initiated"
Es gab 26 Warnungen (Anzeige mit warnings())
[1] "#2 Order file loaded"
[1] "#3 API keys defined"
[1] "#4 Getting order history from kraken"
[1] "#5 Obtaining the last 3000 trades"
[1] "length of list pulled: 61"
[1] "#6 Historic trades obtained"
[1] "length of list edited: 61"
[1] "#7 Closed order IDs defined"
[1] "#8 Sending sell orders if buy order closed"
[1] "Process finished.."
[1] "#1 Script initiated"
Es gab 26 Warnungen (Anzeige mit warnings())
[1] "#2 Order file loaded"
[1] "#3 API keys defined"
[1] "#4 Getting order history from kraken"
[1] "#5 Obtaining the last 3000 trades"
[1] "length of list pulled: 61"
[1] "#6 Historic trades obtained"
[1] "length of list edited: 61"
[1] "#7 Closed order IDs defined"
[1] "#8 Sending sell orders if buy order closed"
[1] "Process finished.."
[1] "#1 Script initiated"
Es gab 26 Warnungen (Anzeige mit warnings())
[1] "#2 Order file loaded"
[1] "#3 API keys defined"
[1] "#4 Getting order history from kraken"
[1] "#5 Obtaining the last 3000 trades"
[1] "length of list pulled: 61"
[1] "#6 Historic trades obtained"
[1] "length of list edited: 61"
[1] "#7 Closed order IDs defined"
[1] "#8 Sending sell orders if buy order closed"
[1] "Process finished.."
[1] "#1 Script initiated"
Es gab 26 Warnungen (Anzeige mit warnings())
[1] "#2 Order file loaded"
[1] "#3 API keys defined"
[1] "#4 Getting order history from kraken"
[1] "#5 Obtaining the last 3000 trades"
[1] "length of list pulled: 61"
[1] "#6 Historic trades obtained"
[1] "length of list edited: 61"
[1] "#7 Closed order IDs defined"
[1] "#8 Sending sell orders if buy order closed"
[1] "Process finished.."
[1] "#1 Script initiated"
Es gab 26 Warnungen (Anzeige mit warnings())
[1] "#2 Order file loaded"
[1] "#3 API keys defined"
[1] "#4 Getting order history from kraken"
[1] "#5 Obtaining the last 3000 trades"
[1] "length of list pulled: 61"
[1] "#6 Historic trades obtained"
[1] "length of list edited: 61"
[1] "#7 Closed order IDs defined"
[1] "#8 Sending sell orders if buy order closed"
[1] "Process finished.."
[1] "#1 Script initiated"
Es gab 26 Warnungen (Anzeige mit warnings())
[1] "#2 Order file loaded"
[1] "#3 API keys defined"
[1] "#4 Getting order history from kraken"
[1] "#5 Obtaining the last 3000 trades"
[1] "length of list pulled: 61"
[1] "#6 Historic trades obtained"
[1] "length of list edited: 61"
[1] "#7 Closed order IDs defined"
[1] "#8 Sending sell orders if buy order closed"
[1] "Process finished.."
[1] "#1 Script initiated"
Es gab 26 Warnungen (Anzeige mit warnings())
[1] "#2 Order file loaded"
[1] "#3 API keys defined"
[1] "#4 Getting order history from kraken"
[1] "#5 Obtaining the last 3000 trades"
[1] "length of list pulled: 61"
[1] "#6 Historic trades obtained"
[1] "length of list edited: 61"
[1] "#7 Closed order IDs defined"
[1] "#8 Sending sell orders if buy order closed"
[1] "Process finished.."
[1] "#1 Script initiated"
Es gab 26 Warnungen (Anzeige mit warnings())
[1] "#2 Order file loaded"
[1] "#3 API keys defined"
[1] "#4 Getting order history from kraken"
[1] "#5 Obtaining the last 3000 trades"
[1] "length of list pulled: 61"
[1] "#6 Historic trades obtained"
[1] "length of list edited: 61"
[1] "#7 Closed order IDs defined"
[1] "#8 Sending sell orders if buy order closed"
[1] "Process finished.."
[1] "#1 Script initiated"
Es gab 26 Warnungen (Anzeige mit warnings())
[1] "#2 Order file loaded"
[1] "#3 API keys defined"
[1] "#4 Getting order history from kraken"
[1] "#5 Obtaining the last 3000 trades"
[1] "length of list pulled: 61"
[1] "#6 Historic trades obtained"
[1] "length of list edited: 61"
[1] "#7 Closed order IDs defined"
[1] "#8 Sending sell orders if buy order closed"
[1] "Process finished.."
[1] "#1 Script initiated"
Es gab 26 Warnungen (Anzeige mit warnings())
[1] "#2 Order file loaded"
[1] "#3 API keys defined"
[1] "#4 Getting order history from kraken"
[1] "#5 Obtaining the last 3000 trades"
[1] "length of list pulled: 61"
[1] "#6 Historic trades obtained"
[1] "length of list edited: 61"
[1] "#7 Closed order IDs defined"
[1] "#8 Sending sell orders if buy order closed"
[1] "Process finished.."
